#
# A fatal error has been detected by the Java Runtime Environment:
#
#  EXCEPTION_ACCESS_VIOLATION (0xc0000005) at pc=0x00007ffdc9187d0b, pid=12136, tid=14864
#
# JRE version: Java(TM) SE Runtime Environment (15.0.2+7) (build 15.0.2+7-27)
# Java VM: Java HotSpot(TM) 64-Bit Server VM (15.0.2+7-27, mixed mode, sharing, tiered, compressed oops, g1 gc, windows-amd64)
# Problematic frame:
# V  [jvm.dll+0x6f7d0b]
#
# No core dump will be written. Minidumps are not enabled by default on client versions of Windows
#
# If you would like to submit a bug report, please visit:
#   https://bugreport.java.com/bugreport/crash.jsp
#

---------------  S U M M A R Y ------------

Command Line: C:\Users\vili.tielinen\tech-days-lia-game\lia-sdk-windows\data\replay-viewer.jar C:\Users\vili.tielinen\tech-days-lia-game\lia-sdk-windows\replays\2021-03-25T13-06-27.lia

Host: Intel(R) Core(TM) i7-8550U CPU @ 1.80GHz, 8 cores, 15G,  Windows 10 , 64 bit Build 19041 (10.0.19041.804)
Time: Thu Mar 25 13:06:38 2021 FLE Standard Time elapsed time: 3.357643 seconds (0d 0h 0m 3s)

---------------  T H R E A D  ---------------

Current thread (0x000001c928349a00):  JavaThread "main" [_thread_in_vm, id=14864, stack(0x000000097b300000,0x000000097b400000)]

Stack: [0x000000097b300000,0x000000097b400000],  sp=0x000000097b3f9c10,  free space=999k
Native frames: (J=compiled Java code, j=interpreted, Vv=VM code, C=native code)
V  [jvm.dll+0x6f7d0b]
V  [jvm.dll+0x6f9d5d]
V  [jvm.dll+0x6f9ca3]
V  [jvm.dll+0x1bb47a]
V  [jvm.dll+0x1b9cef]
V  [jvm.dll+0x1bf42b]
V  [jvm.dll+0x1b2e51]
V  [jvm.dll+0x504b08]
V  [jvm.dll+0x707581]
V  [jvm.dll+0x3d9b1b]
V  [jvm.dll+0x3dfb94]
C  [java.dll+0x178c]

Java frames: (J=compiled Java code, j=interpreted, Vv=VM code)
J 790  java.lang.ClassLoader.defineClass1(Ljava/lang/ClassLoader;Ljava/lang/String;[BIILjava/security/ProtectionDomain;Ljava/lang/String;)Ljava/lang/Class; java.base@15.0.2 (0 bytes) @ 0x000001c93800550b [0x000001c938005440+0x00000000000000cb]
J 919 c1 java.lang.ClassLoader.defineClass(Ljava/lang/String;[BIILjava/security/ProtectionDomain;)Ljava/lang/Class; java.base@15.0.2 (43 bytes) @ 0x000001c930c22a64 [0x000001c930c22700+0x0000000000000364]
J 766 c1 java.security.SecureClassLoader.defineClass(Ljava/lang/String;[BIILjava/security/CodeSource;)Ljava/lang/Class; java.base@15.0.2 (16 bytes) @ 0x000001c930bd148c [0x000001c930bd13c0+0x00000000000000cc]
J 695 c1 jdk.internal.loader.BuiltinClassLoader.defineClass(Ljava/lang/String;Ljdk/internal/loader/Resource;)Ljava/lang/Class; java.base@15.0.2 (121 bytes) @ 0x000001c930ba7ab4 [0x000001c930ba6b00+0x0000000000000fb4]
J 481 c1 jdk.internal.loader.BuiltinClassLoader.findClassOnClassPathOrNull(Ljava/lang/String;)Ljava/lang/Class; java.base@15.0.2 (64 bytes) @ 0x000001c930b4790c [0x000001c930b46a20+0x0000000000000eec]
J 202 c1 jdk.internal.loader.BuiltinClassLoader.loadClassOrNull(Ljava/lang/String;Z)Ljava/lang/Class; java.base@15.0.2 (143 bytes) @ 0x000001c930adca1c [0x000001c930adbac0+0x0000000000000f5c]
J 541 c1 jdk.internal.loader.ClassLoaders$AppClassLoader.loadClass(Ljava/lang/String;Z)Ljava/lang/Class; java.base@15.0.2 (40 bytes) @ 0x000001c930b62a14 [0x000001c930b623e0+0x0000000000000634]
J 537 c1 java.lang.ClassLoader.loadClass(Ljava/lang/String;)Ljava/lang/Class; java.base@15.0.2 (7 bytes) @ 0x000001c930b61acc [0x000001c930b619c0+0x000000000000010c]
v  ~StubRoutines::call_stub
J 790  java.lang.ClassLoader.defineClass1(Ljava/lang/ClassLoader;Ljava/lang/String;[BIILjava/security/ProtectionDomain;Ljava/lang/String;)Ljava/lang/Class; java.base@15.0.2 (0 bytes) @ 0x000001c93800550b [0x000001c938005440+0x00000000000000cb]
J 919 c1 java.lang.ClassLoader.defineClass(Ljava/lang/String;[BIILjava/security/ProtectionDomain;)Ljava/lang/Class; java.base@15.0.2 (43 bytes) @ 0x000001c930c22a64 [0x000001c930c22700+0x0000000000000364]
J 766 c1 java.security.SecureClassLoader.defineClass(Ljava/lang/String;[BIILjava/security/CodeSource;)Ljava/lang/Class; java.base@15.0.2 (16 bytes) @ 0x000001c930bd148c [0x000001c930bd13c0+0x00000000000000cc]
J 695 c1 jdk.internal.loader.BuiltinClassLoader.defineClass(Ljava/lang/String;Ljdk/internal/loader/Resource;)Ljava/lang/Class; java.base@15.0.2 (121 bytes) @ 0x000001c930ba7ab4 [0x000001c930ba6b00+0x0000000000000fb4]
J 481 c1 jdk.internal.loader.BuiltinClassLoader.findClassOnClassPathOrNull(Ljava/lang/String;)Ljava/lang/Class; java.base@15.0.2 (64 bytes) @ 0x000001c930b4790c [0x000001c930b46a20+0x0000000000000eec]
J 202 c1 jdk.internal.loader.BuiltinClassLoader.loadClassOrNull(Ljava/lang/String;Z)Ljava/lang/Class; java.base@15.0.2 (143 bytes) @ 0x000001c930adca1c [0x000001c930adbac0+0x0000000000000f5c]
J 541 c1 jdk.internal.loader.ClassLoaders$AppClassLoader.loadClass(Ljava/lang/String;Z)Ljava/lang/Class; java.base@15.0.2 (40 bytes) @ 0x000001c930b62a14 [0x000001c930b623e0+0x0000000000000634]
J 537 c1 java.lang.ClassLoader.loadClass(Ljava/lang/String;)Ljava/lang/Class; java.base@15.0.2 (7 bytes) @ 0x000001c930b61acc [0x000001c930b619c0+0x000000000000010c]
v  ~StubRoutines::call_stub
J 790  java.lang.ClassLoader.defineClass1(Ljava/lang/ClassLoader;Ljava/lang/String;[BIILjava/security/ProtectionDomain;Ljava/lang/String;)Ljava/lang/Class; java.base@15.0.2 (0 bytes) @ 0x000001c93800550b [0x000001c938005440+0x00000000000000cb]
J 919 c1 java.lang.ClassLoader.defineClass(Ljava/lang/String;[BIILjava/security/ProtectionDomain;)Ljava/lang/Class; java.base@15.0.2 (43 bytes) @ 0x000001c930c22a64 [0x000001c930c22700+0x0000000000000364]
J 766 c1 java.security.SecureClassLoader.defineClass(Ljava/lang/String;[BIILjava/security/CodeSource;)Ljava/lang/Class; java.base@15.0.2 (16 bytes) @ 0x000001c930bd148c [0x000001c930bd13c0+0x00000000000000cc]
J 695 c1 jdk.internal.loader.BuiltinClassLoader.defineClass(Ljava/lang/String;Ljdk/internal/loader/Resource;)Ljava/lang/Class; java.base@15.0.2 (121 bytes) @ 0x000001c930ba7ab4 [0x000001c930ba6b00+0x0000000000000fb4]
J 481 c1 jdk.internal.loader.BuiltinClassLoader.findClassOnClassPathOrNull(Ljava/lang/String;)Ljava/lang/Class; java.base@15.0.2 (64 bytes) @ 0x000001c930b4790c [0x000001c930b46a20+0x0000000000000eec]
J 202 c1 jdk.internal.loader.BuiltinClassLoader.loadClassOrNull(Ljava/lang/String;Z)Ljava/lang/Class; java.base@15.0.2 (143 bytes) @ 0x000001c930adca1c [0x000001c930adbac0+0x0000000000000f5c]
J 541 c1 jdk.internal.loader.ClassLoaders$AppClassLoader.loadClass(Ljava/lang/String;Z)Ljava/lang/Class; java.base@15.0.2 (40 bytes) @ 0x000001c930b62a14 [0x000001c930b623e0+0x0000000000000634]
J 537 c1 java.lang.ClassLoader.loadClass(Ljava/lang/String;)Ljava/lang/Class; java.base@15.0.2 (7 bytes) @ 0x000001c930b61acc [0x000001c930b619c0+0x000000000000010c]
v  ~StubRoutines::call_stub
j  com.codinghavoc.client.screens.GameHud.<init>(Lcom/codinghavoc/client/screens/GameScreen;F)V+49
j  com.codinghavoc.client.screens.GameScreen.<init>(Lcom/codinghavoc/client/GameClient;Ljava/lang/String;F)V+443
j  com.codinghavoc.client.GameClient.create()V+61
j  com.badlogic.gdx.backends.lwjgl3.Lwjgl3Window.initializeListener()V+11
j  com.badlogic.gdx.backends.lwjgl3.Lwjgl3Window.update()Z+8
j  com.badlogic.gdx.backends.lwjgl3.Lwjgl3Application.loop()V+101
j  com.badlogic.gdx.backends.lwjgl3.Lwjgl3Application.<init>(Lcom/badlogic/gdx/ApplicationListener;Lcom/badlogic/gdx/backends/lwjgl3/Lwjgl3ApplicationConfiguration;)V+257
j  com.codinghavoc.client.desktop.DesktopLauncher$main$1.invoke()Lcom/badlogic/gdx/backends/lwjgl3/Lwjgl3Application;+122
j  com.codinghavoc.client.desktop.DesktopLauncher$main$1.invoke()Ljava/lang/Object;+1
j  com.xenomachina.argparser.SystemExitExceptionKt.mainBody(Ljava/lang/String;Ljava/lang/Integer;Lkotlin/jvm/functions/Function0;)Ljava/lang/Object;+8
j  com.xenomachina.argparser.SystemExitExceptionKt.mainBody$default(Ljava/lang/String;Ljava/lang/Integer;Lkotlin/jvm/functions/Function0;ILjava/lang/Object;)Ljava/lang/Object;+25
j  com.codinghavoc.client.desktop.DesktopLauncher.main([Ljava/lang/String;)V+72
v  ~StubRoutines::call_stub

siginfo: EXCEPTION_ACCESS_VIOLATION (0xc0000005), reading address 0xffffffffffffffff


Register to memory mapping:

RIP=0x00007ffdc9187d0b jvm.dll
RAX=0x00000000000081e0 is an unknown value
RBX=0x000001c954bc0c60 points into unknown readable memory: 0x2000506236c1b880 | 80 b8 c1 36 62 50 00 20
RCX=0x000000000000000b is an unknown value
RDX=0x000000009f873c17 is an unknown value
RSP=0x000000097b3f9c10 is pointing into the stack for thread: 0x000001c928349a00
RBP=0x000001c955590100 points into unknown readable memory: 0x000161746c656405 | 05 64 65 6c 74 61 01 00
RSI=0x0000000000000002 is an unknown value
RDI=0x0506236c1bc80608 is an unknown value
R8 =0x0 is NULL
R9 =0x000000097b3f9ce0 is pointing into the stack for thread: 0x000001c928349a00
R10=0x0000000000000070 is an unknown value
R11=0x000000000000000b is an unknown value
R12=0x0000000000000001 is an unknown value
R13=0x000001c928349a00 is a thread
R14=0x000000097b3f9ca0 is pointing into the stack for thread: 0x000001c928349a00
R15=0x000001c92838aae0 points into unknown readable memory: 0x0000000000000000 | 00 00 00 00 00 00 00 00


Registers:
RAX=0x00000000000081e0, RBX=0x000001c954bc0c60, RCX=0x000000000000000b, RDX=0x000000009f873c17
RSP=0x000000097b3f9c10, RBP=0x000001c955590100, RSI=0x0000000000000002, RDI=0x0506236c1bc80608
R8 =0x0000000000000000, R9 =0x000000097b3f9ce0, R10=0x0000000000000070, R11=0x000000000000000b
R12=0x0000000000000001, R13=0x000001c928349a00, R14=0x000000097b3f9ca0, R15=0x000001c92838aae0
RIP=0x00007ffdc9187d0b, EFLAGS=0x0000000000010202

Top of Stack: (sp=0x000000097b3f9c10)
0x000000097b3f9c10:   000001c9549f0740 000001c954fc82b0
0x000000097b3f9c20:   000001c955176678 000001c955dbf190
0x000000097b3f9c30:   000001c95635b230 0000000000000090
0x000000097b3f9c40:   000000097b3fa1f0 0000000000000007
0x000000097b3f9c50:   000000009f873c17 000000000000000b
0x000000097b3f9c60:   000001c955590156 00007ffdc9189d5d
0x000000097b3f9c70:   0000000000000000 0000000000000006
0x000000097b3f9c80:   000001c9259d3340 000000097b3f9ce0
0x000000097b3f9c90:   000000097b3f9ce8 00007ffdc9189d5d
0x000000097b3f9ca0:   0000000000000000 000000009f873c17
0x000000097b3f9cb0:   000001c90000000b 000001c955590156
0x000000097b3f9cc0:   000000000000000b 000001c955590156
0x000000097b3f9cd0:   000000097b3f9e10 00007ffdc9189ca3
0x000000097b3f9ce0:   0000000000000000 000001c955590100
0x000000097b3f9cf0:   000000009f873c17 000001c95635b230
0x000000097b3f9d00:   000001c928349a00 00007ffdc8c4b47a 

Instructions: (pc=0x00007ffdc9187d0b)
0x00007ffdc9187c0b:   3b ff 0f 82 8d fd ff ff 4c 8b b4 24 b8 08 00 00
0x00007ffdc9187c1b:   49 89 9d 08 01 00 00 48 8b 8c 24 60 08 00 00 48
0x00007ffdc9187c2b:   33 cc e8 ae 0f 0e 00 48 81 c4 70 08 00 00 41 5f
0x00007ffdc9187c3b:   41 5d 41 5c 5f 5e 5d 5b c3 cc cc cc cc cc cc cc
0x00007ffdc9187c4b:   cc cc cc cc cc 48 89 5c 24 18 4c 89 4c 24 20 55
0x00007ffdc9187c5b:   56 57 41 54 41 55 41 56 41 57 48 83 ec 20 4c 8b
0x00007ffdc9187c6b:   a2 08 01 00 00 49 8b f9 4c 89 64 24 60 4d 8b f0
0x00007ffdc9187c7b:   4c 8b ea 4c 8b f9 49 8b c4 41 f6 c4 01 75 0b 48
0x00007ffdc9187c8b:   8b 05 af b2 38 00 48 83 c8 01 48 89 82 08 01 00
0x00007ffdc9187c9b:   00 e8 8f 4d f2 ff 49 8b 47 48 45 33 c0 48 85 c0
0x00007ffdc9187cab:   74 0c 4d 89 47 48 e8 7a 4d f2 ff 45 33 c0 49 8b
0x00007ffdc9187cbb:   47 08 40 32 ed 49 8b 56 08 48 8b 48 18 48 8b 00
0x00007ffdc9187ccb:   48 23 ca 48 8d 1c c8 48 8b 04 c8 d0 e8 a8 01 74
0x00007ffdc9187cdb:   12 49 8b 47 10 48 8b 48 18 48 8b 00 48 23 ca 48
0x00007ffdc9187ceb:   8d 1c c8 48 8b 1b 49 8b f0 48 83 e3 fc 74 67 41
0x00007ffdc9187cfb:   bc 01 00 00 00 48 8b 7b 08 48 ff c6 49 63 4e 10
0x00007ffdc9187d0b:   0f b7 47 04 3b c1 75 22 49 8b 56 18 4c 8b c1 48
0x00007ffdc9187d1b:   8d 4f 06 e8 45 20 0e 00 85 c0 75 0e 48 8b cf e8
0x00007ffdc9187d2b:   31 f8 ff ff 84 c0 75 21 eb 09 8b 07 0f b7 c0 85
0x00007ffdc9187d3b:   c0 75 0e 40 84 ed 40 0f b6 c5 41 0f 44 c4 0f b6
0x00007ffdc9187d4b:   e8 48 8b 1b 48 85 db 75 ac 4c 8b 64 24 60 45 33
0x00007ffdc9187d5b:   c0 48 8b 7c 24 78 48 8b 94 24 80 00 00 00 48 8d
0x00007ffdc9187d6b:   4b 08 48 85 db 48 89 74 24 68 49 0f 44 c8 48 85
0x00007ffdc9187d7b:   d2 74 09 49 3b 77 28 0f 97 c0 88 02 48 85 c9 74
0x00007ffdc9187d8b:   0a 48 8b 01 48 89 07 b0 01 eb 02 32 c0 48 8b 5c
0x00007ffdc9187d9b:   24 70 4d 89 a5 08 01 00 00 48 83 c4 20 41 5f 41
0x00007ffdc9187dab:   5e 41 5d 41 5c 5f 5e 5d c3 cc cc cc cc cc cc cc
0x00007ffdc9187dbb:   cc cc cc cc cc 4c 89 44 24 18 48 89 54 24 10 48
0x00007ffdc9187dcb:   89 4c 24 08 53 55 56 57 41 54 41 55 41 56 41 57
0x00007ffdc9187ddb:   48 83 ec 48 49 8b 68 08 4c 8b f9 33 c9 48 89 6c
0x00007ffdc9187deb:   24 20 48 89 8c 24 a8 00 00 00 4c 8b ea b9 01 00
0x00007ffdc9187dfb:   00 00 48 8d 15 cc 90 3a 00 49 8b d9 40 32 f6 ff 


Stack slot to memory mapping:
stack at sp + 0 slots: 0x000001c9549f0740 points into unknown readable memory: 0x000001c94cd63430 | 30 34 d6 4c c9 01 00 00
stack at sp + 1 slots: 0x000001c954fc82b0 points into unknown readable memory: 0x00007ffdfc178820 | 20 88 17 fc fd 7f 00 00
stack at sp + 2 slots: 0x000001c955176678 points into unknown readable memory: 0x0050005c003a0043 | 43 00 3a 00 5c 00 50 00
stack at sp + 3 slots: 0x000001c955dbf190 is pointing into metadata
stack at sp + 4 slots: 0x000001c95635b230 is pointing into metadata
stack at sp + 5 slots: 0x0000000000000090 is an unknown value
stack at sp + 6 slots: 0x000000097b3fa1f0 is pointing into the stack for thread: 0x000001c928349a00
stack at sp + 7 slots: 0x0000000000000007 is an unknown value


---------------  P R O C E S S  ---------------

Threads class SMR info:
_java_thread_list=0x000001c954f9c160, length=22, elements={
0x000001c928349a00, 0x000001c9490da560, 0x000001c9490db130, 0x000001c94c215bb0,
0x000001c94c218580, 0x000001c94c2194b0, 0x000001c94c21dc10, 0x000001c94c21eb80,
0x000001c94c2382c0, 0x000001c94c350c60, 0x000001c94c35dbf0, 0x000001c954a58160,
0x000001c954be3da0, 0x000001c954aa28c0, 0x000001c954bd8ae0, 0x000001c94ce768a0,
0x000001c954e139c0, 0x000001c954d33b20, 0x000001c954d33ff0, 0x000001c954dc5460,
0x000001c954fc6860, 0x000001c954e92410
}

Java Threads: ( => current thread )
=>0x000001c928349a00 JavaThread "main" [_thread_in_vm, id=14864, stack(0x000000097b300000,0x000000097b400000)]
  0x000001c9490da560 JavaThread "Reference Handler" daemon [_thread_blocked, id=15188, stack(0x000000097ba00000,0x000000097bb00000)]
  0x000001c9490db130 JavaThread "Finalizer" daemon [_thread_blocked, id=18196, stack(0x000000097bb00000,0x000000097bc00000)]
  0x000001c94c215bb0 JavaThread "Signal Dispatcher" daemon [_thread_blocked, id=3652, stack(0x000000097bc00000,0x000000097bd00000)]
  0x000001c94c218580 JavaThread "Attach Listener" daemon [_thread_blocked, id=13544, stack(0x000000097bd00000,0x000000097be00000)]
  0x000001c94c2194b0 JavaThread "Service Thread" daemon [_thread_blocked, id=3816, stack(0x000000097be00000,0x000000097bf00000)]
  0x000001c94c21dc10 JavaThread "C2 CompilerThread0" daemon [_thread_blocked, id=3616, stack(0x000000097bf00000,0x000000097c000000)]
  0x000001c94c21eb80 JavaThread "C1 CompilerThread0" daemon [_thread_blocked, id=7652, stack(0x000000097c000000,0x000000097c100000)]
  0x000001c94c2382c0 JavaThread "Sweeper thread" daemon [_thread_blocked, id=14964, stack(0x000000097c100000,0x000000097c200000)]
  0x000001c94c350c60 JavaThread "Notification Thread" daemon [_thread_blocked, id=4464, stack(0x000000097c200000,0x000000097c300000)]
  0x000001c94c35dbf0 JavaThread "Common-Cleaner" daemon [_thread_blocked, id=18308, stack(0x000000097c400000,0x000000097c500000)]
  0x000001c954a58160 JavaThread "DriveStatusChecker-0" daemon [_thread_blocked, id=5792, stack(0x000000097cf00000,0x000000097d000000)]
  0x000001c954be3da0 JavaThread "Java2D Disposer" daemon [_thread_blocked, id=18180, stack(0x000000097d500000,0x000000097d600000)]
  0x000001c954aa28c0 JavaThread "AWT-Windows" daemon [_thread_in_native, id=16924, stack(0x000000097d700000,0x000000097d800000)]
  0x000001c954bd8ae0 JavaThread "SystemDisplayNameGetter-0" daemon [_thread_blocked, id=15012, stack(0x000000097d800000,0x000000097d900000)]
  0x000001c94ce768a0 JavaThread "Swing-Shell" daemon [_thread_blocked, id=18148, stack(0x000000097d900000,0x000000097da00000)]
  0x000001c954e139c0 JavaThread "DriveStatusChecker-1" daemon [_thread_blocked, id=14720, stack(0x000000097da00000,0x000000097db00000)]
  0x000001c954d33b20 JavaThread "Timer" daemon [_thread_blocked, id=2604, stack(0x000000097db00000,0x000000097dc00000)]
  0x000001c954d33ff0 JavaThread "FileChooserListDirThread-0" daemon [_thread_blocked, id=17120, stack(0x000000097dc00000,0x000000097dd00000)]
  0x000001c954dc5460 JavaThread "AsynchExecutor-Thread" daemon [_thread_blocked, id=17868, stack(0x000000097dd00000,0x000000097de00000)]
  0x000001c954fc6860 JavaThread "C2 CompilerThread1" daemon [_thread_blocked, id=2400, stack(0x000000097ce00000,0x000000097cf00000)]
  0x000001c954e92410 JavaThread "C2 CompilerThread2" daemon [_thread_blocked, id=3176, stack(0x000000097d600000,0x000000097d700000)]

Other Threads:
  0x000001c9490d7850 VMThread "VM Thread" [stack: 0x000000097b900000,0x000000097ba00000] [id=19268] _threads_hazard_ptr=0x000001c954f9c160
  0x000001c94c355140 WatcherThread [stack: 0x000000097c300000,0x000000097c400000] [id=2960]
  0x000001c92839dd00 GCTaskThread "GC Thread#0" [stack: 0x000000097b400000,0x000000097b500000] [id=18208]
  0x000001c94c6c0e40 GCTaskThread "GC Thread#1" [stack: 0x000000097d000000,0x000000097d100000] [id=18004]
  0x000001c94c6c14a0 GCTaskThread "GC Thread#2" [stack: 0x000000097d100000,0x000000097d200000] [id=17520]
  0x000001c94c6bfb20 GCTaskThread "GC Thread#3" [stack: 0x000000097d200000,0x000000097d300000] [id=14960]
  0x000001c94c6bde70 GCTaskThread "GC Thread#4" [stack: 0x000000097d300000,0x000000097d400000] [id=1888]
  0x000001c94c6be1a0 GCTaskThread "GC Thread#5" [stack: 0x000000097d400000,0x000000097d500000] [id=15332]
  0x000001c948eefe70 ConcurrentGCThread "G1 Main Marker" [stack: 0x000000097b500000,0x000000097b600000] [id=3028]
  0x000001c948ef1590 ConcurrentGCThread "G1 Conc#0" [stack: 0x000000097b600000,0x000000097b700000] [id=18632]
  0x000001c9259c4140 ConcurrentGCThread "G1 Refine#0" [stack: 0x000000097b700000,0x000000097b800000] [id=19428]
  0x000001c948fcbb20 ConcurrentGCThread "G1 Young RemSet Sampling" [stack: 0x000000097b800000,0x000000097b900000] [id=16828]

Threads with active compile tasks:

VM state: synchronizing (normal execution)

VM Mutex/Monitor currently owned by a thread:  ([mutex/lock_event])
[0x000001c928346280] Threads_lock - owner thread: 0x000001c9490d7850

Heap address: 0x0000000702400000, size: 4060 MB, Compressed Oops mode: Zero based, Oop shift amount: 3
CDS archive(s) mapped at: [0x0000000800000000-0x0000000800b50000-0x0000000800b50000), size 11862016, SharedBaseAddress: 0x0000000800000000, ArchiveRelocationMode: 0.
Compressed class space mapped at: 0x0000000800b50000-0x0000000840b50000, size: 1073741824
Narrow klass base: 0x0000000800000000, Narrow klass shift: 3, Narrow klass range: 0x100000000

GC Precious Log:
 CPUs: 8 total, 8 available
 Memory: 16233M
 Large Page Support: Disabled
 NUMA Support: Disabled
 Compressed Oops: Enabled (Zero based)
 Heap Region Size: 2M
 Heap Min Capacity: 8M
 Heap Initial Capacity: 254M
 Heap Max Capacity: 4060M
 Pre-touch: Disabled
 Parallel Workers: 8
 Concurrent Workers: 2
 Concurrent Refinement Workers: 8
 Periodic GC: Disabled

Heap:
 garbage-first heap   total 260096K, used 92663K [0x0000000702400000, 0x0000000800000000)
  region size 2048K, 45 young (92160K), 2 survivors (4096K)
 Metaspace       used 15164K, capacity 15396K, committed 15488K, reserved 1062912K
  class space    used 1287K, capacity 1343K, committed 1408K, reserved 1048576K

Heap Regions: E=young(eden), S=young(survivor), O=old, HS=humongous(starts), HC=humongous(continues), CS=collection set, F=free, OA=open archive, CA=closed archive, TAMS=top-at-mark-start (previous, next)
|   0|0x0000000702400000, 0x0000000702600000, 0x0000000702600000|100%| O|  |TAMS 0x0000000702400000, 0x0000000702400000| Untracked 
|   1|0x0000000702600000, 0x0000000702735e00, 0x0000000702800000| 60%| O|  |TAMS 0x0000000702600000, 0x0000000702600000| Untracked 
|   2|0x0000000702800000, 0x0000000702800000, 0x0000000702a00000|  0%| F|  |TAMS 0x0000000702800000, 0x0000000702800000| Untracked 
|   3|0x0000000702a00000, 0x0000000702a00000, 0x0000000702c00000|  0%| F|  |TAMS 0x0000000702a00000, 0x0000000702a00000| Untracked 
|   4|0x0000000702c00000, 0x0000000702c00000, 0x0000000702e00000|  0%| F|  |TAMS 0x0000000702c00000, 0x0000000702c00000| Untracked 
|   5|0x0000000702e00000, 0x0000000702e00000, 0x0000000703000000|  0%| F|  |TAMS 0x0000000702e00000, 0x0000000702e00000| Untracked 
|   6|0x0000000703000000, 0x0000000703000000, 0x0000000703200000|  0%| F|  |TAMS 0x0000000703000000, 0x0000000703000000| Untracked 
|   7|0x0000000703200000, 0x0000000703200000, 0x0000000703400000|  0%| F|  |TAMS 0x0000000703200000, 0x0000000703200000| Untracked 
|   8|0x0000000703400000, 0x0000000703400000, 0x0000000703600000|  0%| F|  |TAMS 0x0000000703400000, 0x0000000703400000| Untracked 
|   9|0x0000000703600000, 0x0000000703600000, 0x0000000703800000|  0%| F|  |TAMS 0x0000000703600000, 0x0000000703600000| Untracked 
|  10|0x0000000703800000, 0x0000000703800000, 0x0000000703a00000|  0%| F|  |TAMS 0x0000000703800000, 0x0000000703800000| Untracked 
|  11|0x0000000703a00000, 0x0000000703a00000, 0x0000000703c00000|  0%| F|  |TAMS 0x0000000703a00000, 0x0000000703a00000| Untracked 
|  12|0x0000000703c00000, 0x0000000703c00000, 0x0000000703e00000|  0%| F|  |TAMS 0x0000000703c00000, 0x0000000703c00000| Untracked 
|  13|0x0000000703e00000, 0x0000000703e00000, 0x0000000704000000|  0%| F|  |TAMS 0x0000000703e00000, 0x0000000703e00000| Untracked 
|  14|0x0000000704000000, 0x0000000704000000, 0x0000000704200000|  0%| F|  |TAMS 0x0000000704000000, 0x0000000704000000| Untracked 
|  15|0x0000000704200000, 0x0000000704200000, 0x0000000704400000|  0%| F|  |TAMS 0x0000000704200000, 0x0000000704200000| Untracked 
|  16|0x0000000704400000, 0x0000000704400000, 0x0000000704600000|  0%| F|  |TAMS 0x0000000704400000, 0x0000000704400000| Untracked 
|  17|0x0000000704600000, 0x0000000704600000, 0x0000000704800000|  0%| F|  |TAMS 0x0000000704600000, 0x0000000704600000| Untracked 
|  18|0x0000000704800000, 0x0000000704800000, 0x0000000704a00000|  0%| F|  |TAMS 0x0000000704800000, 0x0000000704800000| Untracked 
|  19|0x0000000704a00000, 0x0000000704a00000, 0x0000000704c00000|  0%| F|  |TAMS 0x0000000704a00000, 0x0000000704a00000| Untracked 
|  20|0x0000000704c00000, 0x0000000704c00000, 0x0000000704e00000|  0%| F|  |TAMS 0x0000000704c00000, 0x0000000704c00000| Untracked 
|  21|0x0000000704e00000, 0x0000000704e00000, 0x0000000705000000|  0%| F|  |TAMS 0x0000000704e00000, 0x0000000704e00000| Untracked 
|  22|0x0000000705000000, 0x0000000705000000, 0x0000000705200000|  0%| F|  |TAMS 0x0000000705000000, 0x0000000705000000| Untracked 
|  23|0x0000000705200000, 0x0000000705200000, 0x0000000705400000|  0%| F|  |TAMS 0x0000000705200000, 0x0000000705200000| Untracked 
|  24|0x0000000705400000, 0x0000000705400000, 0x0000000705600000|  0%| F|  |TAMS 0x0000000705400000, 0x0000000705400000| Untracked 
|  25|0x0000000705600000, 0x0000000705600000, 0x0000000705800000|  0%| F|  |TAMS 0x0000000705600000, 0x0000000705600000| Untracked 
|  26|0x0000000705800000, 0x0000000705800000, 0x0000000705a00000|  0%| F|  |TAMS 0x0000000705800000, 0x0000000705800000| Untracked 
|  27|0x0000000705a00000, 0x0000000705a00000, 0x0000000705c00000|  0%| F|  |TAMS 0x0000000705a00000, 0x0000000705a00000| Untracked 
|  28|0x0000000705c00000, 0x0000000705c00000, 0x0000000705e00000|  0%| F|  |TAMS 0x0000000705c00000, 0x0000000705c00000| Untracked 
|  29|0x0000000705e00000, 0x0000000705e00000, 0x0000000706000000|  0%| F|  |TAMS 0x0000000705e00000, 0x0000000705e00000| Untracked 
|  30|0x0000000706000000, 0x0000000706000000, 0x0000000706200000|  0%| F|  |TAMS 0x0000000706000000, 0x0000000706000000| Untracked 
|  31|0x0000000706200000, 0x0000000706200000, 0x0000000706400000|  0%| F|  |TAMS 0x0000000706200000, 0x0000000706200000| Untracked 
|  32|0x0000000706400000, 0x0000000706400000, 0x0000000706600000|  0%| F|  |TAMS 0x0000000706400000, 0x0000000706400000| Untracked 
|  33|0x0000000706600000, 0x0000000706600000, 0x0000000706800000|  0%| F|  |TAMS 0x0000000706600000, 0x0000000706600000| Untracked 
|  34|0x0000000706800000, 0x0000000706800000, 0x0000000706a00000|  0%| F|  |TAMS 0x0000000706800000, 0x0000000706800000| Untracked 
|  35|0x0000000706a00000, 0x0000000706a00000, 0x0000000706c00000|  0%| F|  |TAMS 0x0000000706a00000, 0x0000000706a00000| Untracked 
|  36|0x0000000706c00000, 0x0000000706c00000, 0x0000000706e00000|  0%| F|  |TAMS 0x0000000706c00000, 0x0000000706c00000| Untracked 
|  37|0x0000000706e00000, 0x0000000706e00000, 0x0000000707000000|  0%| F|  |TAMS 0x0000000706e00000, 0x0000000706e00000| Untracked 
|  38|0x0000000707000000, 0x0000000707000000, 0x0000000707200000|  0%| F|  |TAMS 0x0000000707000000, 0x0000000707000000| Untracked 
|  39|0x0000000707200000, 0x0000000707200000, 0x0000000707400000|  0%| F|  |TAMS 0x0000000707200000, 0x0000000707200000| Untracked 
|  40|0x0000000707400000, 0x0000000707400000, 0x0000000707600000|  0%| F|  |TAMS 0x0000000707400000, 0x0000000707400000| Untracked 
|  41|0x0000000707600000, 0x0000000707600000, 0x0000000707800000|  0%| F|  |TAMS 0x0000000707600000, 0x0000000707600000| Untracked 
|  42|0x0000000707800000, 0x0000000707800000, 0x0000000707a00000|  0%| F|  |TAMS 0x0000000707800000, 0x0000000707800000| Untracked 
|  43|0x0000000707a00000, 0x0000000707a00000, 0x0000000707c00000|  0%| F|  |TAMS 0x0000000707a00000, 0x0000000707a00000| Untracked 
|  44|0x0000000707c00000, 0x0000000707c00000, 0x0000000707e00000|  0%| F|  |TAMS 0x0000000707c00000, 0x0000000707c00000| Untracked 
|  45|0x0000000707e00000, 0x0000000707e00000, 0x0000000708000000|  0%| F|  |TAMS 0x0000000707e00000, 0x0000000707e00000| Untracked 
|  46|0x0000000708000000, 0x0000000708000000, 0x0000000708200000|  0%| F|  |TAMS 0x0000000708000000, 0x0000000708000000| Untracked 
|  47|0x0000000708200000, 0x0000000708200000, 0x0000000708400000|  0%| F|  |TAMS 0x0000000708200000, 0x0000000708200000| Untracked 
|  48|0x0000000708400000, 0x0000000708400000, 0x0000000708600000|  0%| F|  |TAMS 0x0000000708400000, 0x0000000708400000| Untracked 
|  49|0x0000000708600000, 0x0000000708600000, 0x0000000708800000|  0%| F|  |TAMS 0x0000000708600000, 0x0000000708600000| Untracked 
|  50|0x0000000708800000, 0x0000000708800000, 0x0000000708a00000|  0%| F|  |TAMS 0x0000000708800000, 0x0000000708800000| Untracked 
|  51|0x0000000708a00000, 0x0000000708a00000, 0x0000000708c00000|  0%| F|  |TAMS 0x0000000708a00000, 0x0000000708a00000| Untracked 
|  52|0x0000000708c00000, 0x0000000708c00000, 0x0000000708e00000|  0%| F|  |TAMS 0x0000000708c00000, 0x0000000708c00000| Untracked 
|  53|0x0000000708e00000, 0x0000000708e00000, 0x0000000709000000|  0%| F|  |TAMS 0x0000000708e00000, 0x0000000708e00000| Untracked 
|  54|0x0000000709000000, 0x0000000709000000, 0x0000000709200000|  0%| F|  |TAMS 0x0000000709000000, 0x0000000709000000| Untracked 
|  55|0x0000000709200000, 0x0000000709200000, 0x0000000709400000|  0%| F|  |TAMS 0x0000000709200000, 0x0000000709200000| Untracked 
|  56|0x0000000709400000, 0x0000000709400000, 0x0000000709600000|  0%| F|  |TAMS 0x0000000709400000, 0x0000000709400000| Untracked 
|  57|0x0000000709600000, 0x0000000709600000, 0x0000000709800000|  0%| F|  |TAMS 0x0000000709600000, 0x0000000709600000| Untracked 
|  58|0x0000000709800000, 0x0000000709800000, 0x0000000709a00000|  0%| F|  |TAMS 0x0000000709800000, 0x0000000709800000| Untracked 
|  59|0x0000000709a00000, 0x0000000709a00000, 0x0000000709c00000|  0%| F|  |TAMS 0x0000000709a00000, 0x0000000709a00000| Untracked 
|  60|0x0000000709c00000, 0x0000000709c00000, 0x0000000709e00000|  0%| F|  |TAMS 0x0000000709c00000, 0x0000000709c00000| Untracked 
|  61|0x0000000709e00000, 0x0000000709e00000, 0x000000070a000000|  0%| F|  |TAMS 0x0000000709e00000, 0x0000000709e00000| Untracked 
|  62|0x000000070a000000, 0x000000070a000000, 0x000000070a200000|  0%| F|  |TAMS 0x000000070a000000, 0x000000070a000000| Untracked 
|  63|0x000000070a200000, 0x000000070a200000, 0x000000070a400000|  0%| F|  |TAMS 0x000000070a200000, 0x000000070a200000| Untracked 
|  64|0x000000070a400000, 0x000000070a400000, 0x000000070a600000|  0%| F|  |TAMS 0x000000070a400000, 0x000000070a400000| Untracked 
|  65|0x000000070a600000, 0x000000070a600000, 0x000000070a800000|  0%| F|  |TAMS 0x000000070a600000, 0x000000070a600000| Untracked 
|  66|0x000000070a800000, 0x000000070a800000, 0x000000070aa00000|  0%| F|  |TAMS 0x000000070a800000, 0x000000070a800000| Untracked 
|  67|0x000000070aa00000, 0x000000070aa00000, 0x000000070ac00000|  0%| F|  |TAMS 0x000000070aa00000, 0x000000070aa00000| Untracked 
|  68|0x000000070ac00000, 0x000000070ac00000, 0x000000070ae00000|  0%| F|  |TAMS 0x000000070ac00000, 0x000000070ac00000| Untracked 
|  69|0x000000070ae00000, 0x000000070ae00000, 0x000000070b000000|  0%| F|  |TAMS 0x000000070ae00000, 0x000000070ae00000| Untracked 
|  70|0x000000070b000000, 0x000000070b000000, 0x000000070b200000|  0%| F|  |TAMS 0x000000070b000000, 0x000000070b000000| Untracked 
|  71|0x000000070b200000, 0x000000070b200000, 0x000000070b400000|  0%| F|  |TAMS 0x000000070b200000, 0x000000070b200000| Untracked 
|  72|0x000000070b400000, 0x000000070b400000, 0x000000070b600000|  0%| F|  |TAMS 0x000000070b400000, 0x000000070b400000| Untracked 
|  73|0x000000070b600000, 0x000000070b600000, 0x000000070b800000|  0%| F|  |TAMS 0x000000070b600000, 0x000000070b600000| Untracked 
|  74|0x000000070b800000, 0x000000070b800000, 0x000000070ba00000|  0%| F|  |TAMS 0x000000070b800000, 0x000000070b800000| Untracked 
|  75|0x000000070ba00000, 0x000000070ba00000, 0x000000070bc00000|  0%| F|  |TAMS 0x000000070ba00000, 0x000000070ba00000| Untracked 
|  76|0x000000070bc00000, 0x000000070bc00000, 0x000000070be00000|  0%| F|  |TAMS 0x000000070bc00000, 0x000000070bc00000| Untracked 
|  77|0x000000070be00000, 0x000000070be00000, 0x000000070c000000|  0%| F|  |TAMS 0x000000070be00000, 0x000000070be00000| Untracked 
|  78|0x000000070c000000, 0x000000070c000000, 0x000000070c200000|  0%| F|  |TAMS 0x000000070c000000, 0x000000070c000000| Untracked 
|  79|0x000000070c200000, 0x000000070c200000, 0x000000070c400000|  0%| F|  |TAMS 0x000000070c200000, 0x000000070c200000| Untracked 
|  80|0x000000070c400000, 0x000000070c400000, 0x000000070c600000|  0%| F|  |TAMS 0x000000070c400000, 0x000000070c400000| Untracked 
|  81|0x000000070c600000, 0x000000070c600000, 0x000000070c800000|  0%| F|  |TAMS 0x000000070c600000, 0x000000070c600000| Untracked 
|  82|0x000000070c800000, 0x000000070c901010, 0x000000070ca00000| 50%| E|  |TAMS 0x000000070c800000, 0x000000070c800000| Complete 
|  83|0x000000070ca00000, 0x000000070cc00000, 0x000000070cc00000|100%| E|CS|TAMS 0x000000070ca00000, 0x000000070ca00000| Complete 
|  84|0x000000070cc00000, 0x000000070ce00000, 0x000000070ce00000|100%| E|CS|TAMS 0x000000070cc00000, 0x000000070cc00000| Complete 
|  85|0x000000070ce00000, 0x000000070d000000, 0x000000070d000000|100%| E|CS|TAMS 0x000000070ce00000, 0x000000070ce00000| Complete 
|  86|0x000000070d000000, 0x000000070d200000, 0x000000070d200000|100%| E|CS|TAMS 0x000000070d000000, 0x000000070d000000| Complete 
|  87|0x000000070d200000, 0x000000070d400000, 0x000000070d400000|100%| E|CS|TAMS 0x000000070d200000, 0x000000070d200000| Complete 
|  88|0x000000070d400000, 0x000000070d600000, 0x000000070d600000|100%| E|CS|TAMS 0x000000070d400000, 0x000000070d400000| Complete 
|  89|0x000000070d600000, 0x000000070d800000, 0x000000070d800000|100%| E|CS|TAMS 0x000000070d600000, 0x000000070d600000| Complete 
|  90|0x000000070d800000, 0x000000070da00000, 0x000000070da00000|100%| E|CS|TAMS 0x000000070d800000, 0x000000070d800000| Complete 
|  91|0x000000070da00000, 0x000000070dc00000, 0x000000070dc00000|100%| E|CS|TAMS 0x000000070da00000, 0x000000070da00000| Complete 
|  92|0x000000070dc00000, 0x000000070de00000, 0x000000070de00000|100%| E|CS|TAMS 0x000000070dc00000, 0x000000070dc00000| Complete 
|  93|0x000000070de00000, 0x000000070e000000, 0x000000070e000000|100%| E|CS|TAMS 0x000000070de00000, 0x000000070de00000| Complete 
|  94|0x000000070e000000, 0x000000070e200000, 0x000000070e200000|100%| E|CS|TAMS 0x000000070e000000, 0x000000070e000000| Complete 
|  95|0x000000070e200000, 0x000000070e400000, 0x000000070e400000|100%| E|CS|TAMS 0x000000070e200000, 0x000000070e200000| Complete 
|  96|0x000000070e400000, 0x000000070e600000, 0x000000070e600000|100%| E|CS|TAMS 0x000000070e400000, 0x000000070e400000| Complete 
|  97|0x000000070e600000, 0x000000070e800000, 0x000000070e800000|100%| E|CS|TAMS 0x000000070e600000, 0x000000070e600000| Complete 
|  98|0x000000070e800000, 0x000000070ea00000, 0x000000070ea00000|100%| E|CS|TAMS 0x000000070e800000, 0x000000070e800000| Complete 
|  99|0x000000070ea00000, 0x000000070ec00000, 0x000000070ec00000|100%| E|CS|TAMS 0x000000070ea00000, 0x000000070ea00000| Complete 
| 100|0x000000070ec00000, 0x000000070ee00000, 0x000000070ee00000|100%| E|CS|TAMS 0x000000070ec00000, 0x000000070ec00000| Complete 
| 101|0x000000070ee00000, 0x000000070f000000, 0x000000070f000000|100%| E|CS|TAMS 0x000000070ee00000, 0x000000070ee00000| Complete 
| 102|0x000000070f000000, 0x000000070f200000, 0x000000070f200000|100%| E|CS|TAMS 0x000000070f000000, 0x000000070f000000| Complete 
| 103|0x000000070f200000, 0x000000070f400000, 0x000000070f400000|100%| E|CS|TAMS 0x000000070f200000, 0x000000070f200000| Complete 
| 104|0x000000070f400000, 0x000000070f600000, 0x000000070f600000|100%| E|CS|TAMS 0x000000070f400000, 0x000000070f400000| Complete 
| 105|0x000000070f600000, 0x000000070f800000, 0x000000070f800000|100%| E|CS|TAMS 0x000000070f600000, 0x000000070f600000| Complete 
| 106|0x000000070f800000, 0x000000070fa00000, 0x000000070fa00000|100%| E|CS|TAMS 0x000000070f800000, 0x000000070f800000| Complete 
| 107|0x000000070fa00000, 0x000000070fb48038, 0x000000070fc00000| 64%| S|CS|TAMS 0x000000070fa00000, 0x000000070fa00000| Complete 
| 108|0x000000070fc00000, 0x000000070fe00000, 0x000000070fe00000|100%| S|CS|TAMS 0x000000070fc00000, 0x000000070fc00000| Complete 
| 109|0x000000070fe00000, 0x0000000710000000, 0x0000000710000000|100%| E|CS|TAMS 0x000000070fe00000, 0x000000070fe00000| Complete 
| 110|0x0000000710000000, 0x0000000710200000, 0x0000000710200000|100%| E|CS|TAMS 0x0000000710000000, 0x0000000710000000| Complete 
| 111|0x0000000710200000, 0x0000000710400000, 0x0000000710400000|100%| E|CS|TAMS 0x0000000710200000, 0x0000000710200000| Complete 
| 112|0x0000000710400000, 0x0000000710600000, 0x0000000710600000|100%| E|CS|TAMS 0x0000000710400000, 0x0000000710400000| Complete 
| 113|0x0000000710600000, 0x0000000710800000, 0x0000000710800000|100%| E|CS|TAMS 0x0000000710600000, 0x0000000710600000| Complete 
| 114|0x0000000710800000, 0x0000000710a00000, 0x0000000710a00000|100%| E|CS|TAMS 0x0000000710800000, 0x0000000710800000| Complete 
| 115|0x0000000710a00000, 0x0000000710c00000, 0x0000000710c00000|100%| E|CS|TAMS 0x0000000710a00000, 0x0000000710a00000| Complete 
| 116|0x0000000710c00000, 0x0000000710e00000, 0x0000000710e00000|100%| E|CS|TAMS 0x0000000710c00000, 0x0000000710c00000| Complete 
| 117|0x0000000710e00000, 0x0000000711000000, 0x0000000711000000|100%| E|CS|TAMS 0x0000000710e00000, 0x0000000710e00000| Complete 
| 118|0x0000000711000000, 0x0000000711200000, 0x0000000711200000|100%| E|CS|TAMS 0x0000000711000000, 0x0000000711000000| Complete 
| 119|0x0000000711200000, 0x0000000711400000, 0x0000000711400000|100%| E|CS|TAMS 0x0000000711200000, 0x0000000711200000| Complete 
| 120|0x0000000711400000, 0x0000000711600000, 0x0000000711600000|100%| E|CS|TAMS 0x0000000711400000, 0x0000000711400000| Complete 
| 121|0x0000000711600000, 0x0000000711800000, 0x0000000711800000|100%| E|CS|TAMS 0x0000000711600000, 0x0000000711600000| Complete 
| 122|0x0000000711800000, 0x0000000711a00000, 0x0000000711a00000|100%| E|CS|TAMS 0x0000000711800000, 0x0000000711800000| Complete 
| 123|0x0000000711a00000, 0x0000000711c00000, 0x0000000711c00000|100%| E|CS|TAMS 0x0000000711a00000, 0x0000000711a00000| Complete 
| 124|0x0000000711c00000, 0x0000000711e00000, 0x0000000711e00000|100%| E|CS|TAMS 0x0000000711c00000, 0x0000000711c00000| Complete 
| 125|0x0000000711e00000, 0x0000000712000000, 0x0000000712000000|100%| E|CS|TAMS 0x0000000711e00000, 0x0000000711e00000| Complete 
| 126|0x0000000712000000, 0x0000000712200000, 0x0000000712200000|100%| E|CS|TAMS 0x0000000712000000, 0x0000000712000000| Complete 

Card table byte_map: [0x000001c940020000,0x000001c940810000] _byte_map_base: 0x000001c93c80e000

Marking Bits (Prev, Next): (CMBitMap*) 0x000001c92839e4f0, (CMBitMap*) 0x000001c92839e530
 Prev Bits: [0x000001c941000000, 0x000001c944f70000)
 Next Bits: [0x000001c944f70000, 0x000001c948ee0000)

Polling page: 0x000001c925b90000

Metaspace:

Usage:
  Non-class:     13.72 MB capacity,    13.55 MB ( 99%) used,   160.34 KB (  1%) free+waste,    15.88 KB ( <1%) overhead. 
      Class:      1.31 MB capacity,     1.26 MB ( 96%) used,    50.45 KB (  4%) free+waste,     5.19 KB ( <1%) overhead. 
       Both:     15.04 MB capacity,    14.81 MB ( 98%) used,   210.78 KB (  1%) free+waste,    21.06 KB ( <1%) overhead. 

Virtual space:
  Non-class space:       14.00 MB reserved,      13.75 MB ( 98%) committed 
      Class space:        1.00 GB reserved,       1.38 MB ( <1%) committed 
             Both:        1.01 GB reserved,      15.12 MB (  1%) committed 

Chunk freelists:
   Non-Class:  27.00 KB
       Class:  1.00 KB
        Both:  28.00 KB

MaxMetaspaceSize: 17179869184.00 GB
CompressedClassSpaceSize: 1.00 GB

CodeHeap 'non-profiled nmethods': size=120000Kb used=896Kb max_used=896Kb free=119103Kb
 bounds [0x000001c937fd0000, 0x000001c938240000, 0x000001c93f500000]
CodeHeap 'profiled nmethods': size=120000Kb used=2996Kb max_used=2996Kb free=117003Kb
 bounds [0x000001c930aa0000, 0x000001c930d90000, 0x000001c937fd0000]
CodeHeap 'non-nmethods': size=5760Kb used=1647Kb max_used=1777Kb free=4112Kb
 bounds [0x000001c930500000, 0x000001c930770000, 0x000001c930aa0000]
 total_blobs=2810 nmethods=1755 adapters=968
 compilation: enabled
              stopped_count=0, restarted_count=0
 full_count=0

Compilation events (20 events):
Event: 3.049 Thread 0x000001c94c21eb80 1745   !   3       com.codinghavoc.libs.proto.CurvesdbElements$ColorPoint::<init> (248 bytes)
Event: 3.051 Thread 0x000001c94c21eb80 nmethod 1745 0x000001c930d87c10 code [0x000001c930d87fc0, 0x000001c930d89b68]
Event: 3.085 Thread 0x000001c94c21eb80 1748       1       com.codinghavoc.libs.proto.CurvesdbElements$TextBubblePoint::getT (5 bytes)
Event: 3.085 Thread 0x000001c94c21eb80 nmethod 1748 0x000001c93807d890 code [0x000001c93807da20, 0x000001c93807dad8]
Event: 3.085 Thread 0x000001c94c21eb80 1749       1       com.codinghavoc.libs.proto.CurvesdbElements$TextBubblePoint::getCid (5 bytes)
Event: 3.085 Thread 0x000001c94c21eb80 nmethod 1749 0x000001c93807db90 code [0x000001c93807dd20, 0x000001c93807ddd8]
Event: 3.085 Thread 0x000001c94c21eb80 1750       1       com.codinghavoc.libs.proto.CurvesdbElements$TextBubblePoint::getAlign (5 bytes)
Event: 3.085 Thread 0x000001c94c21eb80 nmethod 1750 0x000001c93807de90 code [0x000001c93807e020, 0x000001c93807e0d8]
Event: 3.085 Thread 0x000001c94c21eb80 1751       1       com.codinghavoc.libs.proto.CurvesdbElements$TextBubblePoint::getX (5 bytes)
Event: 3.085 Thread 0x000001c94c21eb80 nmethod 1751 0x000001c93807e190 code [0x000001c93807e320, 0x000001c93807e3d8]
Event: 3.085 Thread 0x000001c94c21eb80 1752       1       com.codinghavoc.libs.proto.CurvesdbElements$TextBubblePoint::getY (5 bytes)
Event: 3.085 Thread 0x000001c94c21eb80 nmethod 1752 0x000001c93807e490 code [0x000001c93807e620, 0x000001c93807e6d8]
Event: 3.085 Thread 0x000001c94c21eb80 1753       1       com.codinghavoc.libs.curvesdb.points.TextBubblePoint::getCid (5 bytes)
Event: 3.085 Thread 0x000001c94c21eb80 nmethod 1753 0x000001c93807e790 code [0x000001c93807e920, 0x000001c93807e9d8]
Event: 3.136 Thread 0x000001c94c21eb80 1754       3       com.codinghavoc.logic.world.components.Color::<init> (5 bytes)
Event: 3.137 Thread 0x000001c94c21eb80 nmethod 1754 0x000001c930d8a790 code [0x000001c930d8a940, 0x000001c930d8aaf8]
Event: 3.185 Thread 0x000001c94c21eb80 1757   !   3       com.codinghavoc.libs.proto.CurvesdbElements$GameStatsPoint$TeamStats::<init> (217 bytes)
Event: 3.186 Thread 0x000001c94c21eb80 nmethod 1757 0x000001c930d8ac10 code [0x000001c930d8af40, 0x000001c930d8c6a8]
Event: 3.211 Thread 0x000001c94c21eb80 1759       3       java.lang.Math::getExponent (17 bytes)
Event: 3.212 Thread 0x000001c94c21eb80 nmethod 1759 0x000001c930d8cf90 code [0x000001c930d8d120, 0x000001c930d8d238]

GC Heap History (4 events):
Event: 1.288 GC heap before
{Heap before GC invocations=0 (full 0):
 garbage-first heap   total 260096K, used 20480K [0x0000000702400000, 0x0000000800000000)
  region size 2048K, 11 young (22528K), 0 survivors (0K)
 Metaspace       used 8769K, capacity 11176K, committed 11392K, reserved 1060864K
  class space    used 596K, capacity 829K, committed 896K, reserved 1048576K
}
Event: 1.293 GC heap after
{Heap after GC invocations=1 (full 0):
 garbage-first heap   total 260096K, used 3349K [0x0000000702400000, 0x0000000800000000)
  region size 2048K, 2 young (4096K), 2 survivors (4096K)
 Metaspace       used 8769K, capacity 11176K, committed 11392K, reserved 1060864K
  class space    used 596K, capacity 829K, committed 896K, reserved 1048576K
}
Event: 2.938 GC heap before
{Heap before GC invocations=1 (full 0):
 garbage-first heap   total 260096K, used 36117K [0x0000000702400000, 0x0000000800000000)
  region size 2048K, 18 young (36864K), 2 survivors (4096K)
 Metaspace       used 15054K, capacity 15332K, committed 15488K, reserved 1062912K
  class space    used 1278K, capacity 1343K, committed 1408K, reserved 1048576K
}
Event: 2.944 GC heap after
{Heap after GC invocations=2 (full 0):
 garbage-first heap   total 260096K, used 6647K [0x0000000702400000, 0x0000000800000000)
  region size 2048K, 2 young (4096K), 2 survivors (4096K)
 Metaspace       used 15054K, capacity 15332K, committed 15488K, reserved 1062912K
  class space    used 1278K, capacity 1343K, committed 1408K, reserved 1048576K
}

Deoptimization events (20 events):
Event: 2.708 Thread 0x000001c928349a00 DEOPT PACKING pc=0x000001c930cd15c1 sp=0x000000097b3fe6a0
Event: 2.708 Thread 0x000001c928349a00 DEOPT UNPACKING pc=0x000001c93054e23f sp=0x000000097b3fdd50 mode 0
Event: 2.708 Thread 0x000001c928349a00 DEOPT PACKING pc=0x000001c930cd15c1 sp=0x000000097b3fe6a0
Event: 2.708 Thread 0x000001c928349a00 DEOPT UNPACKING pc=0x000001c93054e23f sp=0x000000097b3fdd50 mode 0
Event: 2.791 Thread 0x000001c928349a00 DEOPT PACKING pc=0x000001c930b9e7c7 sp=0x000000097b3fbe80
Event: 2.791 Thread 0x000001c928349a00 DEOPT UNPACKING pc=0x000001c93054e23f sp=0x000000097b3fb2d0 mode 0
Event: 2.887 Thread 0x000001c928349a00 Uncommon trap: trap_request=0xffffff45 fr.pc=0x000001c93805c14c relative=0x000000000000012c
Event: 2.887 Thread 0x000001c928349a00 Uncommon trap: reason=unstable_if action=reinterpret pc=0x000001c93805c14c method=com.google.protobuf.CodedInputStream$StreamDecoder.readRawVarint32()I @ 47 c2
Event: 2.887 Thread 0x000001c928349a00 DEOPT PACKING pc=0x000001c93805c14c sp=0x000000097b3fe6f0
Event: 2.887 Thread 0x000001c928349a00 DEOPT UNPACKING pc=0x000001c93054e42f sp=0x000000097b3fe670 mode 2
Event: 2.899 Thread 0x000001c928349a00 DEOPT PACKING pc=0x000001c930adb1d0 sp=0x000000097b3f9350
Event: 2.899 Thread 0x000001c928349a00 DEOPT UNPACKING pc=0x000001c93054e23f sp=0x000000097b3f87d8 mode 0
Event: 2.955 Thread 0x000001c928349a00 Uncommon trap: trap_request=0xffffff45 fr.pc=0x000001c93806ce00 relative=0x00000000000000e0
Event: 2.955 Thread 0x000001c928349a00 Uncommon trap: reason=unstable_if action=reinterpret pc=0x000001c93806ce00 method=com.codinghavoc.libs.proto.CurvesdbElements$Element$ECase.forNumber(I)Lcom/codinghavoc/libs/proto/CurvesdbElements$Element$ECase; @ 1 c2
Event: 2.955 Thread 0x000001c928349a00 DEOPT PACKING pc=0x000001c93806ce00 sp=0x000000097b3fedf0
Event: 2.955 Thread 0x000001c928349a00 DEOPT UNPACKING pc=0x000001c93054e42f sp=0x000000097b3fed78 mode 2
Event: 3.209 Thread 0x000001c928349a00 Uncommon trap: trap_request=0xffffff45 fr.pc=0x000001c9380718ec relative=0x000000000000036c
Event: 3.209 Thread 0x000001c928349a00 Uncommon trap: reason=unstable_if action=reinterpret pc=0x000001c9380718ec method=com.google.protobuf.AbstractParser.parsePartialDelimitedFrom(Ljava/io/InputStream;Lcom/google/protobuf/ExtensionRegistryLite;)Lcom/google/protobuf/MessageLite; @ 9 c2
Event: 3.209 Thread 0x000001c928349a00 DEOPT PACKING pc=0x000001c9380718ec sp=0x000000097b3fedf0
Event: 3.209 Thread 0x000001c928349a00 DEOPT UNPACKING pc=0x000001c93054e42f sp=0x000000097b3feb80 mode 2

Classes unloaded (0 events):
No events

Classes redefined (0 events):
No events

Internal exceptions (20 events):
Event: 0.236 Thread 0x000001c928349a00 Exception <a 'sun/nio/fs/WindowsException'{0x000000071183b208}> (0x000000071183b208) 
thrown [./open/src/hotspot/share/prims/jni.cpp, line 578]
Event: 0.236 Thread 0x000001c928349a00 Exception <a 'sun/nio/fs/WindowsException'{0x000000071183eea8}> (0x000000071183eea8) 
thrown [./open/src/hotspot/share/prims/jni.cpp, line 578]
Event: 0.297 Thread 0x000001c928349a00 Exception <a 'java/lang/NoSuchMethodError'{0x000000071185de40}: 'void java.lang.invoke.DirectMethodHandle$Holder.invokeStaticInit(java.lang.Object, java.lang.Object)'> (0x000000071185de40) 
thrown [./open/src/hotspot/share/interpreter/linkResolver.cpp, line 782]
Event: 0.329 Thread 0x000001c928349a00 Exception <a 'sun/nio/fs/WindowsException'{0x0000000711910010}> (0x0000000711910010) 
thrown [./open/src/hotspot/share/prims/jni.cpp, line 578]
Event: 0.330 Thread 0x000001c928349a00 Exception <a 'sun/nio/fs/WindowsException'{0x0000000711910330}> (0x0000000711910330) 
thrown [./open/src/hotspot/share/prims/jni.cpp, line 578]
Event: 0.330 Thread 0x000001c928349a00 Exception <a 'sun/nio/fs/WindowsException'{0x00000007119110c8}> (0x00000007119110c8) 
thrown [./open/src/hotspot/share/prims/jni.cpp, line 578]
Event: 0.330 Thread 0x000001c928349a00 Exception <a 'sun/nio/fs/WindowsException'{0x00000007119148e0}> (0x00000007119148e0) 
thrown [./open/src/hotspot/share/prims/jni.cpp, line 578]
Event: 0.496 Thread 0x000001c928349a00 Exception <a 'sun/nio/fs/WindowsException'{0x00000007119d81c0}> (0x00000007119d81c0) 
thrown [./open/src/hotspot/share/prims/jni.cpp, line 578]
Event: 0.496 Thread 0x000001c928349a00 Exception <a 'sun/nio/fs/WindowsException'{0x00000007119d84e8}> (0x00000007119d84e8) 
thrown [./open/src/hotspot/share/prims/jni.cpp, line 578]
Event: 0.497 Thread 0x000001c928349a00 Exception <a 'sun/nio/fs/WindowsException'{0x00000007119d9280}> (0x00000007119d9280) 
thrown [./open/src/hotspot/share/prims/jni.cpp, line 578]
Event: 0.497 Thread 0x000001c928349a00 Exception <a 'sun/nio/fs/WindowsException'{0x00000007119dcaa8}> (0x00000007119dcaa8) 
thrown [./open/src/hotspot/share/prims/jni.cpp, line 578]
Event: 0.891 Thread 0x000001c928349a00 Exception <a 'sun/nio/fs/WindowsException'{0x000000071172c5b0}> (0x000000071172c5b0) 
thrown [./open/src/hotspot/share/prims/jni.cpp, line 578]
Event: 0.891 Thread 0x000001c928349a00 Exception <a 'sun/nio/fs/WindowsException'{0x000000071172c900}> (0x000000071172c900) 
thrown [./open/src/hotspot/share/prims/jni.cpp, line 578]
Event: 0.891 Thread 0x000001c928349a00 Exception <a 'sun/nio/fs/WindowsException'{0x000000071172d6a8}> (0x000000071172d6a8) 
thrown [./open/src/hotspot/share/prims/jni.cpp, line 578]
Event: 0.892 Thread 0x000001c928349a00 Exception <a 'sun/nio/fs/WindowsException'{0x0000000711730ee0}> (0x0000000711730ee0) 
thrown [./open/src/hotspot/share/prims/jni.cpp, line 578]
Event: 0.946 Thread 0x000001c928349a00 Exception <a 'sun/nio/fs/WindowsException'{0x0000000711740940}> (0x0000000711740940) 
thrown [./open/src/hotspot/share/prims/jni.cpp, line 578]
Event: 0.947 Thread 0x000001c928349a00 Exception <a 'sun/nio/fs/WindowsException'{0x0000000711740c70}> (0x0000000711740c70) 
thrown [./open/src/hotspot/share/prims/jni.cpp, line 578]
Event: 1.389 Thread 0x000001c928349a00 Exception <a 'java/lang/ClassNotFoundException'{0x0000000711e8db08}: sun/awt/resources/spi/awtProvider> (0x0000000711e8db08) 
thrown [./open/src/hotspot/share/classfile/systemDictionary.cpp, line 295]
Event: 1.448 Thread 0x000001c928349a00 Exception <a 'java/io/FileNotFoundException'{0x0000000711f29460}> (0x0000000711f29460) 
thrown [./open/src/hotspot/share/prims/jni.cpp, line 578]
Event: 1.454 Thread 0x000001c928349a00 Exception <a 'java/io/FileNotFoundException'{0x0000000711f57da0}> (0x0000000711f57da0) 
thrown [./open/src/hotspot/share/prims/jni.cpp, line 578]

Events (20 events):
Event: 2.789 loading class java/util/LinkedHashMap$LinkedValues done
Event: 2.789 loading class java/util/LinkedHashMap$LinkedValueIterator
Event: 2.789 loading class java/util/LinkedHashMap$LinkedValueIterator done
Event: 2.818 loading class jdk/internal/logger/LoggerFinderLoader
Event: 2.818 loading class jdk/internal/logger/LoggerFinderLoader done
Event: 2.819 loading class sun/util/logging/internal/LoggingProviderImpl$JULWrapper
Event: 2.819 loading class sun/util/logging/internal/LoggingProviderImpl$JULWrapper done
Event: 2.820 loading class jdk/internal/access/foreign/MemorySegmentProxy
Event: 2.820 loading class jdk/internal/access/foreign/MemorySegmentProxy done
Event: 2.896 Loaded shared library C:\Program Files\Java\jdk-15.0.2\bin\java.dll
Event: 2.898 Executing VM operation: HandshakeAllThreads
Event: 2.898 Executing VM operation: HandshakeAllThreads done
Event: 2.898 Executing VM operation: HandshakeAllThreads
Event: 2.898 Executing VM operation: HandshakeAllThreads done
Event: 2.903 Thread 0x000001c954fc6860 Thread added: 0x000001c954fc6860
Event: 2.906 Thread 0x000001c954e92410 Thread added: 0x000001c954e92410
Event: 2.938 Executing VM operation: G1CollectForAllocation
Event: 2.944 Executing VM operation: G1CollectForAllocation done
Event: 2.945 loading class sun/awt/shell/Win32ShellFolder2$FolderDisposer$1
Event: 2.945 loading class sun/awt/shell/Win32ShellFolder2$FolderDisposer$1 done


Dynamic libraries:
0x00007ff6dfc10000 - 0x00007ff6dfc1f000 	C:\Program Files\Java\jdk-15.0.2\bin\java.exe
0x00007ffe0e190000 - 0x00007ffe0e385000 	C:\WINDOWS\SYSTEM32\ntdll.dll
0x00007ffe0cb90000 - 0x00007ffe0cc4d000 	C:\WINDOWS\System32\KERNEL32.DLL
0x00007ffe0bd20000 - 0x00007ffe0bfe9000 	C:\WINDOWS\System32\KERNELBASE.dll
0x00007ffe0bc20000 - 0x00007ffe0bd20000 	C:\WINDOWS\System32\ucrtbase.dll
0x00007ffe048e0000 - 0x00007ffe048f9000 	C:\Program Files\Java\jdk-15.0.2\bin\VCRUNTIME140.dll
0x00007ffe048c0000 - 0x00007ffe048d8000 	C:\Program Files\Java\jdk-15.0.2\bin\jli.dll
0x00007ffe0db00000 - 0x00007ffe0dbac000 	C:\WINDOWS\System32\ADVAPI32.dll
0x00007ffe0cdc0000 - 0x00007ffe0ce5e000 	C:\WINDOWS\System32\msvcrt.dll
0x00007ffe0cd20000 - 0x00007ffe0cdbc000 	C:\WINDOWS\System32\sechost.dll
0x00007ffe0dbb0000 - 0x00007ffe0dcdb000 	C:\WINDOWS\System32\RPCRT4.dll
0x00007ffe0c8f0000 - 0x00007ffe0ca90000 	C:\WINDOWS\System32\USER32.dll
0x00007ffe0b9e0000 - 0x00007ffe0ba02000 	C:\WINDOWS\System32\win32u.dll
0x00007ffe0cb00000 - 0x00007ffe0cb2a000 	C:\WINDOWS\System32\GDI32.dll
0x00007ffe0b8d0000 - 0x00007ffe0b9db000 	C:\WINDOWS\System32\gdi32full.dll
0x00007ffe0c150000 - 0x00007ffe0c1ed000 	C:\WINDOWS\System32\msvcp_win.dll
0x00007ffdf6be0000 - 0x00007ffdf6e7a000 	C:\WINDOWS\WinSxS\amd64_microsoft.windows.common-controls_6595b64144ccf1df_6.0.19041.844_none_ca00b6081b84eb1d\COMCTL32.dll
0x00007ffe02600000 - 0x00007ffe0260a000 	C:\WINDOWS\SYSTEM32\VERSION.dll
0x00007ffe0c4b0000 - 0x00007ffe0c4e0000 	C:\WINDOWS\System32\IMM32.DLL
0x00007ffdf8670000 - 0x00007ffdf8872000 	C:\WINDOWS\system32\tmumh\20019\AddOn\8.53.0.1073\TmUmEvt64.dll
0x00007ffe0c350000 - 0x00007ffe0c358000 	C:\WINDOWS\System32\PSAPI.DLL
0x0000000075510000 - 0x000000007567e000 	C:\WINDOWS\system32\tmumh\20019\TmMon\2.8.0.1049\tmmon64.dll
0x00007ffe048b0000 - 0x00007ffe048bc000 	C:\Program Files\Java\jdk-15.0.2\bin\vcruntime140_1.dll
0x00007ffde3b10000 - 0x00007ffde3ba1000 	C:\Program Files\Java\jdk-15.0.2\bin\msvcp140.dll
0x00007ffdc8a90000 - 0x00007ffdc95ee000 	C:\Program Files\Java\jdk-15.0.2\bin\server\jvm.dll
0x00007ffdeecc0000 - 0x00007ffdeecc9000 	C:\WINDOWS\SYSTEM32\WSOCK32.dll
0x00007ffe0ce60000 - 0x00007ffe0cecb000 	C:\WINDOWS\System32\WS2_32.dll
0x00007ffdf6110000 - 0x00007ffdf6137000 	C:\WINDOWS\SYSTEM32\WINMM.dll
0x00007ffe0a1e0000 - 0x00007ffe0a1f2000 	C:\WINDOWS\SYSTEM32\kernel.appcore.dll
0x00007ffe048a0000 - 0x00007ffe048aa000 	C:\Program Files\Java\jdk-15.0.2\bin\jimage.dll
0x00007ffe09ee0000 - 0x00007ffe0a0c4000 	C:\WINDOWS\SYSTEM32\DBGHELP.DLL
0x00007ffdf1050000 - 0x00007ffdf107c000 	C:\WINDOWS\SYSTEM32\dbgcore.DLL
0x00007ffe0bba0000 - 0x00007ffe0bc20000 	C:\WINDOWS\System32\bcryptPrimitives.dll
0x00007ffe043c0000 - 0x00007ffe043e5000 	C:\Program Files\Java\jdk-15.0.2\bin\java.dll
0x00007ffe0d3b0000 - 0x00007ffe0daf2000 	C:\WINDOWS\System32\SHELL32.dll
0x00007ffe09680000 - 0x00007ffe09e10000 	C:\WINDOWS\SYSTEM32\windows.storage.dll
0x00007ffe0c590000 - 0x00007ffe0c8e5000 	C:\WINDOWS\System32\combase.dll
0x00007ffe0b340000 - 0x00007ffe0b36c000 	C:\WINDOWS\SYSTEM32\Wldp.dll
0x00007ffe0c280000 - 0x00007ffe0c32e000 	C:\WINDOWS\System32\SHCORE.dll
0x00007ffe0ca90000 - 0x00007ffe0cae5000 	C:\WINDOWS\System32\shlwapi.dll
0x00007ffe0b810000 - 0x00007ffe0b82f000 	C:\WINDOWS\SYSTEM32\profapi.dll
0x00007ffe02300000 - 0x00007ffe02319000 	C:\Program Files\Java\jdk-15.0.2\bin\net.dll
0x00007ffe03c80000 - 0x00007ffe03d8c000 	C:\WINDOWS\SYSTEM32\WINHTTP.dll
0x00007ffe0b0c0000 - 0x00007ffe0b12a000 	C:\WINDOWS\system32\mswsock.dll
0x00007ffddf3e0000 - 0x00007ffddf3f2000 	C:\Program Files\Java\jdk-15.0.2\bin\nio.dll
0x00007ffddf3c0000 - 0x00007ffddf3d8000 	C:\Program Files\Java\jdk-15.0.2\bin\zip.dll
0x0000000065580000 - 0x0000000065616000 	C:\Users\vili.tielinen\AppData\Local\Temp\libgdxvili.tielinen\1044a49b\gdx64.dll
0x00007ffddd730000 - 0x00007ffddd788000 	C:\Users\vili.tielinen\AppData\Local\Temp\lwjglvili.tielinen\3.1.3-SNAPSHOT\lwjgl.dll
0x00007ffddd6e0000 - 0x00007ffddd72d000 	C:\Users\VILI~1.TIE\AppData\Local\Temp\lwjglvili.tielinen\3.1.3-SNAPSHOT\glfw.dll
0x00007ffe08fe0000 - 0x00007ffe0907e000 	C:\WINDOWS\system32\uxtheme.dll
0x00007ffddd690000 - 0x00007ffddd6d5000 	C:\WINDOWS\SYSTEM32\dinput8.dll
0x000001c928270000 - 0x000001c928273000 	C:\WINDOWS\system32\Sfc.dll
0x00007ffde68c0000 - 0x00007ffde68d2000 	C:\WINDOWS\SYSTEM32\sfc_os.DLL
0x00007ffe0dce0000 - 0x00007ffe0e149000 	C:\WINDOWS\System32\SETUPAPI.dll
0x00007ffe0bb50000 - 0x00007ffe0bb9e000 	C:\WINDOWS\System32\cfgmgr32.dll
0x00007ffe0bb20000 - 0x00007ffe0bb47000 	C:\WINDOWS\System32\bcrypt.dll
0x00007ffe04910000 - 0x00007ffe04921000 	C:\WINDOWS\SYSTEM32\xinput1_4.dll
0x00007ffe0b680000 - 0x00007ffe0b6ac000 	C:\WINDOWS\SYSTEM32\DEVOBJ.dll
0x00007ffdfa6a0000 - 0x00007ffdfa7f2000 	C:\WINDOWS\SYSTEM32\inputhost.dll
0x00007ffe0cc50000 - 0x00007ffe0cd1d000 	C:\WINDOWS\System32\OLEAUT32.dll
0x00007ffe07f50000 - 0x00007ffe08042000 	C:\WINDOWS\SYSTEM32\CoreMessaging.dll
0x00007ffe08a90000 - 0x00007ffe08b87000 	C:\WINDOWS\SYSTEM32\PROPSYS.dll
0x00007ffe063e0000 - 0x00007ffe06534000 	C:\WINDOWS\SYSTEM32\wintypes.dll
0x00007ffe07bc0000 - 0x00007ffe07f1e000 	C:\WINDOWS\SYSTEM32\CoreUIComponents.dll
0x00007ffe0a2f0000 - 0x00007ffe0a323000 	C:\WINDOWS\SYSTEM32\ntmarta.dll
0x00007ffe091b0000 - 0x00007ffe091df000 	C:\WINDOWS\SYSTEM32\dwmapi.dll
0x00007ffe0d060000 - 0x00007ffe0d175000 	C:\WINDOWS\System32\MSCTF.dll
0x00007ffe09ed0000 - 0x00007ffe09edd000 	C:\WINDOWS\SYSTEM32\HID.DLL
0x00007ffe0ba10000 - 0x00007ffe0ba70000 	C:\WINDOWS\System32\WINTRUST.dll
0x00007ffe0bff0000 - 0x00007ffe0c14f000 	C:\WINDOWS\System32\CRYPT32.dll
0x00007ffe0b4c0000 - 0x00007ffe0b4d2000 	C:\WINDOWS\SYSTEM32\MSASN1.dll
0x00007ffddd5a0000 - 0x00007ffddd68d000 	C:\Users\VILI~1.TIE\AppData\Local\Temp\lwjglvili.tielinen\3.1.3-SNAPSHOT\OpenAL.dll
0x00007ffe0cf30000 - 0x00007ffe0d05a000 	C:\WINDOWS\System32\ole32.dll
0x00007ffe0c4e0000 - 0x00007ffe0c589000 	C:\WINDOWS\System32\clbcatq.dll
0x00007ffe01cc0000 - 0x00007ffe01d45000 	C:\WINDOWS\System32\MMDevApi.dll
0x00007ffe01ed0000 - 0x00007ffe02055000 	C:\WINDOWS\SYSTEM32\AUDIOSES.DLL
0x00007ffe0aec0000 - 0x00007ffe0af0b000 	C:\WINDOWS\SYSTEM32\powrprof.dll
0x00007ffe0ad40000 - 0x00007ffe0ad52000 	C:\WINDOWS\SYSTEM32\UMPDC.dll
0x00007ffe090c0000 - 0x00007ffe090d4000 	C:\WINDOWS\SYSTEM32\resourcepolicyclient.dll
0x00007ffde11c0000 - 0x00007ffde12e6000 	C:\WINDOWS\SYSTEM32\opengl32.dll
0x00007ffde2170000 - 0x00007ffde219c000 	C:\WINDOWS\SYSTEM32\GLU32.dll
0x00007ffe038d0000 - 0x00007ffe039ca000 	C:\Windows\System32\AppXDeploymentClient.dll
0x00007ffdc74f0000 - 0x00007ffdc843a000 	C:\WINDOWS\System32\DriverStore\FileRepository\iigd_dch.inf_amd64_24db536432518c37\ig9icd64.dll
0x00007ffe0a330000 - 0x00007ffe0a423000 	C:\WINDOWS\system32\dxgi.dll
0x00007ffdfd830000 - 0x00007ffdfd9d7000 	C:\WINDOWS\System32\DriverStore\FileRepository\iigd_dch.inf_amd64_24db536432518c37\igdgmm64.dll
0x00007ffdfaf40000 - 0x00007ffdfd82a000 	C:\WINDOWS\System32\DriverStore\FileRepository\iigd_dch.inf_amd64_24db536432518c37\igc64.dll
0x00007ffdcb560000 - 0x00007ffdcb951000 	C:\WINDOWS\System32\DriverStore\FileRepository\iigd_dch.inf_amd64_24db536432518c37\igdml64.dll
0x00007ffe01e30000 - 0x00007ffe01e8f000 	C:\Users\vili.tielinen\AppData\Local\Temp\lwjglvili.tielinen\3.1.3-SNAPSHOT\lwjgl_opengl.dll
0x00007ffdfa5a0000 - 0x00007ffdfa69b000 	C:\WINDOWS\SYSTEM32\textinputframework.dll
0x00007ffdcb3e0000 - 0x00007ffdcb560000 	C:\Program Files\Java\jdk-15.0.2\bin\awt.dll
0x00007ffe08590000 - 0x00007ffe08620000 	C:\WINDOWS\SYSTEM32\apphelp.dll
0x00007ffdf53d0000 - 0x00007ffdf5480000 	C:\WINDOWS\WinSxS\amd64_microsoft.windows.common-controls_6595b64144ccf1df_5.82.19041.844_none_423537bff6b9828c\comctl32.dll
0x00007ffe04360000 - 0x00007ffe04377000 	C:\WINDOWS\system32\NetworkExplorer.dll
0x000000006a740000 - 0x000000006a7f1000 	C:\Users\vili.tielinen\AppData\Local\Temp\libgdxvili.tielinen\7f14e604\gdx-freetype64.dll

dbghelp: loaded successfully - version: 4.0.5 - missing functions: none
symbol engine: initialized successfully - sym options: 0x614 - pdb path: .;C:\Program Files\Java\jdk-15.0.2\bin;C:\WINDOWS\SYSTEM32;C:\WINDOWS\WinSxS\amd64_microsoft.windows.common-controls_6595b64144ccf1df_6.0.19041.844_none_ca00b6081b84eb1d;C:\WINDOWS\system32\tmumh\20019\AddOn\8.53.0.1073;C:\WINDOWS\system32\tmumh\20019\TmMon\2.8.0.1049;C:\Program Files\Java\jdk-15.0.2\bin\server;C:\Users\vili.tielinen\AppData\Local\Temp\libgdxvili.tielinen\1044a49b;C:\Users\vili.tielinen\AppData\Local\Temp\lwjglvili.tielinen\3.1.3-SNAPSHOT;C:\Users\VILI~1.TIE\AppData\Local\Temp\lwjglvili.tielinen\3.1.3-SNAPSHOT;C:\WINDOWS\System32\DriverStore\FileRepository\iigd_dch.inf_amd64_24db536432518c37;C:\WINDOWS\WinSxS\amd64_microsoft.windows.common-controls_6595b64144ccf1df_5.82.19041.844_none_423537bff6b9828c;C:\Users\vili.tielinen\AppData\Local\Temp\libgdxvili.tielinen\7f14e604

VM Arguments:
java_command: C:\Users\vili.tielinen\tech-days-lia-game\lia-sdk-windows\data\replay-viewer.jar C:\Users\vili.tielinen\tech-days-lia-game\lia-sdk-windows\replays\2021-03-25T13-06-27.lia
java_class_path (initial): C:\Users\vili.tielinen\tech-days-lia-game\lia-sdk-windows\data\replay-viewer.jar
Launcher Type: SUN_STANDARD

[Global flags]
     intx CICompilerCount                          = 4                                         {product} {ergonomic}
     uint ConcGCThreads                            = 2                                         {product} {ergonomic}
     uint G1ConcRefinementThreads                  = 8                                         {product} {ergonomic}
   size_t G1HeapRegionSize                         = 2097152                                   {product} {ergonomic}
    uintx GCDrainStackTargetSize                   = 64                                        {product} {ergonomic}
   size_t InitialHeapSize                          = 266338304                                 {product} {ergonomic}
   size_t MarkStackSize                            = 4194304                                   {product} {ergonomic}
   size_t MaxHeapSize                              = 4257218560                                {product} {ergonomic}
   size_t MaxNewSize                               = 2554331136                                {product} {ergonomic}
   size_t MinHeapDeltaBytes                        = 2097152                                   {product} {ergonomic}
   size_t MinHeapSize                              = 8388608                                   {product} {ergonomic}
    uintx NonNMethodCodeHeapSize                   = 5839372                                {pd product} {ergonomic}
    uintx NonProfiledCodeHeapSize                  = 122909434                              {pd product} {ergonomic}
    uintx ProfiledCodeHeapSize                     = 122909434                              {pd product} {ergonomic}
    uintx ReservedCodeCacheSize                    = 251658240                              {pd product} {ergonomic}
     bool SegmentedCodeCache                       = true                                      {product} {ergonomic}
   size_t SoftMaxHeapSize                          = 4257218560                             {manageable} {ergonomic}
     bool UseCompressedClassPointers               = true                                 {lp64_product} {ergonomic}
     bool UseCompressedOops                        = true                                 {lp64_product} {ergonomic}
     bool UseG1GC                                  = true                                      {product} {ergonomic}
     bool UseLargePagesIndividualAllocation        = false                                  {pd product} {ergonomic}

Logging:
Log output configuration:
 #0: stdout all=warning uptime,level,tags
 #1: stderr all=off uptime,level,tags

Environment Variables:
JAVA_HOME=C:\Program Files\Java\jdk-15.0.2
PATH=C:\Program Files\Common Files\Oracle\Java\javapath;C:\Program Files (x86)\Common Files\Oracle\Java\javapath;C:\WINDOWS\system32;C:\WINDOWS;C:\WINDOWS\System32\Wbem;C:\WINDOWS\System32\WindowsPowerShell\v1.0\;C:\WINDOWS\System32\OpenSSH\;C:\Program Files\Intel\WiFi\bin\;C:\Program Files\Common Files\Intel\WirelessCommon\;C:\Users\vili.tielinen\AppData\Local\Microsoft\WindowsApps;C:\Users\vili.tielinen\AppData\Local\Programs\Git\cmd
USERNAME=vili.tielinen
OS=Windows_NT
PROCESSOR_IDENTIFIER=Intel64 Family 6 Model 142 Stepping 10, GenuineIntel



---------------  S Y S T E M  ---------------

OS:
 Windows 10 , 64 bit Build 19041 (10.0.19041.804)
OS uptime: 0 days 0:06 hours

CPU: total 8 (initial active 8) (4 cores per cpu, 2 threads per core) family 6 model 142 stepping 10 microcode 0xe0, cmov, cx8, fxsr, mmx, sse, sse2, sse3, ssse3, sse4.1, sse4.2, popcnt, vzeroupper, avx, avx2, aes, clmul, erms, 3dnowpref, lzcnt, ht, tsc, tscinvbit, bmi1, bmi2, adx, fma, clflush, clflushopt

Memory: 4k page, system-wide physical 16233M (9954M free)
TotalPageFile size 32617M (AvailPageFile size 24711M)
current process WorkingSet (physical memory assigned to process): 295M, peak: 302M
current process commit charge ("private bytes"): 458M, peak: 469M

vm_info: Java HotSpot(TM) 64-Bit Server VM (15.0.2+7-27) for windows-amd64 JRE (15.0.2+7-27), built on Dec  7 2020 20:07:01 by "mach5one" with unknown MS VC++:1925

END.
